[1.777s] Invoking command in '/home/ubuntu/ros2_ws/src/ur3_controller': PYTHONPATH=/home/ubuntu/ros2_ws/build/ur3_controller/prefix_override:/usr/lib/python3/dist-packages/colcon_core/task/python/colcon_distutils_commands:/home/ubuntu/ros2_ws/install/ur3_controller/lib/python3.10/site-packages:${PYTHONPATH} /usr/bin/python3 -W ignore:setup.py install is deprecated -W ignore:easy_install command is deprecated setup.py egg_info --egg-base ../../build/ur3_controller build --build-base /home/ubuntu/ros2_ws/build/ur3_controller/build install --record /home/ubuntu/ros2_ws/build/ur3_controller/install.log --single-version-externally-managed install_data
[2.365s] running egg_info
[2.386s] writing ../../build/ur3_controller/ur3_controller.egg-info/PKG-INFO
[2.387s] writing dependency_links to ../../build/ur3_controller/ur3_controller.egg-info/dependency_links.txt
[2.389s] writing entry points to ../../build/ur3_controller/ur3_controller.egg-info/entry_points.txt
[2.389s] writing requirements to ../../build/ur3_controller/ur3_controller.egg-info/requires.txt
[2.390s] writing top-level names to ../../build/ur3_controller/ur3_controller.egg-info/top_level.txt
[2.392s] reading manifest file '../../build/ur3_controller/ur3_controller.egg-info/SOURCES.txt'
[2.395s] writing manifest file '../../build/ur3_controller/ur3_controller.egg-info/SOURCES.txt'
[2.395s] running build
[2.395s] running build_py
[2.396s] copying ur3_controller/tool_executor.py -> /home/ubuntu/ros2_ws/build/ur3_controller/build/lib/ur3_controller
[2.397s] running install
[2.398s] running install_lib
[2.399s] copying /home/ubuntu/ros2_ws/build/ur3_controller/build/lib/ur3_controller/tool_executor.py -> /home/ubuntu/ros2_ws/install/ur3_controller/lib/python3.10/site-packages/ur3_controller
[2.400s] byte-compiling /home/ubuntu/ros2_ws/install/ur3_controller/lib/python3.10/site-packages/ur3_controller/tool_executor.py to tool_executor.cpython-310.pyc
[2.405s] running install_data
[2.405s] running install_egg_info
[2.409s] removing '/home/ubuntu/ros2_ws/install/ur3_controller/lib/python3.10/site-packages/ur3_controller-0.0.0-py3.10.egg-info' (and everything under it)
[2.410s] Copying ../../build/ur3_controller/ur3_controller.egg-info to /home/ubuntu/ros2_ws/install/ur3_controller/lib/python3.10/site-packages/ur3_controller-0.0.0-py3.10.egg-info
[2.411s] running install_scripts
[2.443s] Installing ur3_controller_node script to /home/ubuntu/ros2_ws/install/ur3_controller/lib/ur3_controller
[2.740s] writing list of installed files to '/home/ubuntu/ros2_ws/build/ur3_controller/install.log'
[2.846s] Invoked command in '/home/ubuntu/ros2_ws/src/ur3_controller' returned '0': PYTHONPATH=/home/ubuntu/ros2_ws/build/ur3_controller/prefix_override:/usr/lib/python3/dist-packages/colcon_core/task/python/colcon_distutils_commands:/home/ubuntu/ros2_ws/install/ur3_controller/lib/python3.10/site-packages:${PYTHONPATH} /usr/bin/python3 -W ignore:setup.py install is deprecated -W ignore:easy_install command is deprecated setup.py egg_info --egg-base ../../build/ur3_controller build --build-base /home/ubuntu/ros2_ws/build/ur3_controller/build install --record /home/ubuntu/ros2_ws/build/ur3_controller/install.log --single-version-externally-managed install_data
