[1.023s] Invoking command in '/home/ubuntu/ros2_ws/build/ur3_controller': PYTHONPATH=/home/ubuntu/ros2_ws/build/ur3_controller/prefix_override:/usr/lib/python3/dist-packages/colcon_core/task/python/colcon_distutils_commands:/home/ubuntu/ros2_ws/install/ur3_controller/lib/python3.10/site-packages:${PYTHONPATH} /usr/bin/python3 -W ignore:setup.py install is deprecated -W ignore:easy_install command is deprecated setup.py develop --editable --build-directory /home/ubuntu/ros2_ws/build/ur3_controller/build --no-deps symlink_data
[1.414s] running develop
[1.672s] running egg_info
[1.672s] creating ur3_controller.egg-info
[1.673s] writing ur3_controller.egg-info/PKG-INFO
[1.674s] writing dependency_links to ur3_controller.egg-info/dependency_links.txt
[1.674s] writing entry points to ur3_controller.egg-info/entry_points.txt
[1.674s] writing requirements to ur3_controller.egg-info/requires.txt
[1.674s] writing top-level names to ur3_controller.egg-info/top_level.txt
[1.674s] writing manifest file 'ur3_controller.egg-info/SOURCES.txt'
[1.677s] reading manifest file 'ur3_controller.egg-info/SOURCES.txt'
[1.677s] writing manifest file 'ur3_controller.egg-info/SOURCES.txt'
[1.679s] running build_ext
[1.679s] Creating /home/ubuntu/ros2_ws/install/ur3_controller/lib/python3.10/site-packages/ur3-controller.egg-link (link to .)
[1.680s] Installing ur3_controller_node script to /home/ubuntu/ros2_ws/install/ur3_controller/lib/ur3_controller
[1.681s] 
[1.681s] Installed /home/ubuntu/ros2_ws/build/ur3_controller
[1.681s] running symlink_data
[1.682s] creating /home/ubuntu/ros2_ws/install/ur3_controller/share/ament_index
[1.682s] creating /home/ubuntu/ros2_ws/install/ur3_controller/share/ament_index/resource_index
[1.682s] creating /home/ubuntu/ros2_ws/install/ur3_controller/share/ament_index/resource_index/packages
[1.683s] symbolically linking /home/ubuntu/ros2_ws/build/ur3_controller/resource/ur3_controller -> /home/ubuntu/ros2_ws/install/ur3_controller/share/ament_index/resource_index/packages
[1.683s] symbolically linking /home/ubuntu/ros2_ws/build/ur3_controller/package.xml -> /home/ubuntu/ros2_ws/install/ur3_controller/share/ur3_controller
[1.683s] creating /home/ubuntu/ros2_ws/install/ur3_controller/share/ur3_controller/config
[1.683s] symbolically linking /home/ubuntu/ros2_ws/build/ur3_controller/ur3_controller/config/tools.yaml -> /home/ubuntu/ros2_ws/install/ur3_controller/share/ur3_controller/config
[1.727s] Invoked command in '/home/ubuntu/ros2_ws/build/ur3_controller' returned '0': PYTHONPATH=/home/ubuntu/ros2_ws/build/ur3_controller/prefix_override:/usr/lib/python3/dist-packages/colcon_core/task/python/colcon_distutils_commands:/home/ubuntu/ros2_ws/install/ur3_controller/lib/python3.10/site-packages:${PYTHONPATH} /usr/bin/python3 -W ignore:setup.py install is deprecated -W ignore:easy_install command is deprecated setup.py develop --editable --build-directory /home/ubuntu/ros2_ws/build/ur3_controller/build --no-deps symlink_data
