[1.095s] Invoking command in '/home/ubuntu/ros2_ws/src/ur3_controller': PYTHONPATH=/home/ubuntu/ros2_ws/build/ur3_controller/prefix_override:/usr/lib/python3/dist-packages/colcon_core/task/python/colcon_distutils_commands:/home/ubuntu/ros2_ws/install/ur3_controller/lib/python3.10/site-packages:${PYTHONPATH} /usr/bin/python3 -W ignore:setup.py install is deprecated -W ignore:easy_install command is deprecated setup.py egg_info --egg-base ../../build/ur3_controller build --build-base /home/ubuntu/ros2_ws/build/ur3_controller/build install --record /home/ubuntu/ros2_ws/build/ur3_controller/install.log --single-version-externally-managed install_data
[1.335s] running egg_info
[1.336s] writing ../../build/ur3_controller/ur3_controller.egg-info/PKG-INFO
[1.634s] writing dependency_links to ../../build/ur3_controller/ur3_controller.egg-info/dependency_links.txt
[1.634s] writing entry points to ../../build/ur3_controller/ur3_controller.egg-info/entry_points.txt
[1.635s] writing requirements to ../../build/ur3_controller/ur3_controller.egg-info/requires.txt
[1.635s] writing top-level names to ../../build/ur3_controller/ur3_controller.egg-info/top_level.txt
[1.639s] reading manifest file '../../build/ur3_controller/ur3_controller.egg-info/SOURCES.txt'
[1.641s] writing manifest file '../../build/ur3_controller/ur3_controller.egg-info/SOURCES.txt'
[1.641s] running build
[1.641s] running build_py
[1.642s] running install
[1.642s] running install_lib
[1.645s] running install_data
[1.645s] running install_egg_info
[1.651s] removing '/home/ubuntu/ros2_ws/install/ur3_controller/lib/python3.10/site-packages/ur3_controller-0.0.0-py3.10.egg-info' (and everything under it)
[1.651s] Copying ../../build/ur3_controller/ur3_controller.egg-info to /home/ubuntu/ros2_ws/install/ur3_controller/lib/python3.10/site-packages/ur3_controller-0.0.0-py3.10.egg-info
[1.652s] running install_scripts
[1.691s] Installing ur3_controller_node script to /home/ubuntu/ros2_ws/install/ur3_controller/lib/ur3_controller
[1.977s] writing list of installed files to '/home/ubuntu/ros2_ws/build/ur3_controller/install.log'
[2.023s] Invoked command in '/home/ubuntu/ros2_ws/src/ur3_controller' returned '0': PYTHONPATH=/home/ubuntu/ros2_ws/build/ur3_controller/prefix_override:/usr/lib/python3/dist-packages/colcon_core/task/python/colcon_distutils_commands:/home/ubuntu/ros2_ws/install/ur3_controller/lib/python3.10/site-packages:${PYTHONPATH} /usr/bin/python3 -W ignore:setup.py install is deprecated -W ignore:easy_install command is deprecated setup.py egg_info --egg-base ../../build/ur3_controller build --build-base /home/ubuntu/ros2_ws/build/ur3_controller/build install --record /home/ubuntu/ros2_ws/build/ur3_controller/install.log --single-version-externally-managed install_data
