/home/ubuntu/ros2_ws/install/ur3_controller/lib/python3.10/site-packages/ur3_controller/server_node.py
/home/ubuntu/ros2_ws/install/ur3_controller/lib/python3.10/site-packages/ur3_controller/__init__.py
/home/ubuntu/ros2_ws/install/ur3_controller/lib/python3.10/site-packages/ur3_controller/tool_executor.py
/home/ubuntu/ros2_ws/install/ur3_controller/lib/python3.10/site-packages/ur3_controller/planner.py
/home/ubuntu/ros2_ws/install/ur3_controller/lib/python3.10/site-packages/ur3_controller/ur3_controller_node.py
/home/ubuntu/ros2_ws/install/ur3_controller/lib/python3.10/site-packages/ur3_controller/gemini_interface.py
/home/ubuntu/ros2_ws/install/ur3_controller/lib/python3.10/site-packages/ur3_controller/defined_tools.py
/home/ubuntu/ros2_ws/install/ur3_controller/lib/python3.10/site-packages/ur3_controller/learning_manager.py
/home/ubuntu/ros2_ws/install/ur3_controller/lib/python3.10/site-packages/ur3_controller/__pycache__/server_node.cpython-310.pyc
/home/ubuntu/ros2_ws/install/ur3_controller/lib/python3.10/site-packages/ur3_controller/__pycache__/__init__.cpython-310.pyc
/home/ubuntu/ros2_ws/install/ur3_controller/lib/python3.10/site-packages/ur3_controller/__pycache__/tool_executor.cpython-310.pyc
/home/ubuntu/ros2_ws/install/ur3_controller/lib/python3.10/site-packages/ur3_controller/__pycache__/planner.cpython-310.pyc
/home/ubuntu/ros2_ws/install/ur3_controller/lib/python3.10/site-packages/ur3_controller/__pycache__/ur3_controller_node.cpython-310.pyc
/home/ubuntu/ros2_ws/install/ur3_controller/lib/python3.10/site-packages/ur3_controller/__pycache__/gemini_interface.cpython-310.pyc
/home/ubuntu/ros2_ws/install/ur3_controller/lib/python3.10/site-packages/ur3_controller/__pycache__/defined_tools.cpython-310.pyc
/home/ubuntu/ros2_ws/install/ur3_controller/lib/python3.10/site-packages/ur3_controller/__pycache__/learning_manager.cpython-310.pyc
/home/ubuntu/ros2_ws/install/ur3_controller/share/ament_index/resource_index/packages/ur3_controller
/home/ubuntu/ros2_ws/install/ur3_controller/share/ur3_controller/package.xml
/home/ubuntu/ros2_ws/install/ur3_controller/share/ur3_controller/config/tools.yaml
/home/ubuntu/ros2_ws/install/ur3_controller/lib/python3.10/site-packages/ur3_controller-0.0.0-py3.10.egg-info/zip-safe
/home/ubuntu/ros2_ws/install/ur3_controller/lib/python3.10/site-packages/ur3_controller-0.0.0-py3.10.egg-info/dependency_links.txt
/home/ubuntu/ros2_ws/install/ur3_controller/lib/python3.10/site-packages/ur3_controller-0.0.0-py3.10.egg-info/PKG-INFO
/home/ubuntu/ros2_ws/install/ur3_controller/lib/python3.10/site-packages/ur3_controller-0.0.0-py3.10.egg-info/top_level.txt
/home/ubuntu/ros2_ws/install/ur3_controller/lib/python3.10/site-packages/ur3_controller-0.0.0-py3.10.egg-info/SOURCES.txt
/home/ubuntu/ros2_ws/install/ur3_controller/lib/python3.10/site-packages/ur3_controller-0.0.0-py3.10.egg-info/requires.txt
/home/ubuntu/ros2_ws/install/ur3_controller/lib/python3.10/site-packages/ur3_controller-0.0.0-py3.10.egg-info/entry_points.txt
/home/ubuntu/ros2_ws/install/ur3_controller/lib/ur3_controller/ur3_controller_node
