[0.772s] Invoking command in '/home/ubuntu/ros2_ws/src/ur3_controller': PYTHONPATH=/home/ubuntu/ros2_ws/build/ur3_controller/prefix_override:/usr/lib/python3/dist-packages/colcon_core/task/python/colcon_distutils_commands:/home/ubuntu/ros2_ws/install/ur3_controller/lib/python3.10/site-packages:${PYTHONPATH} /usr/bin/python3 -W ignore:setup.py install is deprecated -W ignore:easy_install command is deprecated setup.py egg_info --egg-base ../../build/ur3_controller build --build-base /home/ubuntu/ros2_ws/build/ur3_controller/build install --record /home/ubuntu/ros2_ws/build/ur3_controller/install.log --single-version-externally-managed install_data
[1.055s] running egg_info
[1.056s] writing ../../build/ur3_controller/ur3_controller.egg-info/PKG-INFO
[1.056s] writing dependency_links to ../../build/ur3_controller/ur3_controller.egg-info/dependency_links.txt
[1.056s] writing entry points to ../../build/ur3_controller/ur3_controller.egg-info/entry_points.txt
[1.056s] writing requirements to ../../build/ur3_controller/ur3_controller.egg-info/requires.txt
[1.057s] writing top-level names to ../../build/ur3_controller/ur3_controller.egg-info/top_level.txt
[1.059s] reading manifest file '../../build/ur3_controller/ur3_controller.egg-info/SOURCES.txt'
[1.060s] writing manifest file '../../build/ur3_controller/ur3_controller.egg-info/SOURCES.txt'
[1.060s] running build
[1.060s] running build_py
[1.061s] copying ur3_controller/tool_executor.py -> /home/ubuntu/ros2_ws/build/ur3_controller/build/lib/ur3_controller
[1.061s] copying ur3_controller/planner.py -> /home/ubuntu/ros2_ws/build/ur3_controller/build/lib/ur3_controller
[1.061s] copying ur3_controller/ur3_controller_node.py -> /home/ubuntu/ros2_ws/build/ur3_controller/build/lib/ur3_controller
[1.061s] copying ur3_controller/gemini_interface.py -> /home/ubuntu/ros2_ws/build/ur3_controller/build/lib/ur3_controller
[1.061s] copying ur3_controller/learning_manager.py -> /home/ubuntu/ros2_ws/build/ur3_controller/build/lib/ur3_controller
[1.062s] running install
[1.062s] running install_lib
[1.063s] copying /home/ubuntu/ros2_ws/build/ur3_controller/build/lib/ur3_controller/tool_executor.py -> /home/ubuntu/ros2_ws/install/ur3_controller/lib/python3.10/site-packages/ur3_controller
[1.063s] copying /home/ubuntu/ros2_ws/build/ur3_controller/build/lib/ur3_controller/planner.py -> /home/ubuntu/ros2_ws/install/ur3_controller/lib/python3.10/site-packages/ur3_controller
[1.063s] copying /home/ubuntu/ros2_ws/build/ur3_controller/build/lib/ur3_controller/ur3_controller_node.py -> /home/ubuntu/ros2_ws/install/ur3_controller/lib/python3.10/site-packages/ur3_controller
[1.063s] copying /home/ubuntu/ros2_ws/build/ur3_controller/build/lib/ur3_controller/gemini_interface.py -> /home/ubuntu/ros2_ws/install/ur3_controller/lib/python3.10/site-packages/ur3_controller
[1.064s] copying /home/ubuntu/ros2_ws/build/ur3_controller/build/lib/ur3_controller/learning_manager.py -> /home/ubuntu/ros2_ws/install/ur3_controller/lib/python3.10/site-packages/ur3_controller
[1.064s] byte-compiling /home/ubuntu/ros2_ws/install/ur3_controller/lib/python3.10/site-packages/ur3_controller/tool_executor.py to tool_executor.cpython-310.pyc
[1.068s] byte-compiling /home/ubuntu/ros2_ws/install/ur3_controller/lib/python3.10/site-packages/ur3_controller/planner.py to planner.cpython-310.pyc
[1.068s] byte-compiling /home/ubuntu/ros2_ws/install/ur3_controller/lib/python3.10/site-packages/ur3_controller/ur3_controller_node.py to ur3_controller_node.cpython-310.pyc
[1.070s] byte-compiling /home/ubuntu/ros2_ws/install/ur3_controller/lib/python3.10/site-packages/ur3_controller/gemini_interface.py to gemini_interface.cpython-310.pyc
[1.071s] byte-compiling /home/ubuntu/ros2_ws/install/ur3_controller/lib/python3.10/site-packages/ur3_controller/learning_manager.py to learning_manager.cpython-310.pyc
[1.071s] running install_data
[1.072s] running install_egg_info
[1.075s] removing '/home/ubuntu/ros2_ws/install/ur3_controller/lib/python3.10/site-packages/ur3_controller-0.0.0-py3.10.egg-info' (and everything under it)
[1.075s] Copying ../../build/ur3_controller/ur3_controller.egg-info to /home/ubuntu/ros2_ws/install/ur3_controller/lib/python3.10/site-packages/ur3_controller-0.0.0-py3.10.egg-info
[1.076s] running install_scripts
[1.101s] Installing ur3_controller_node script to /home/ubuntu/ros2_ws/install/ur3_controller/lib/ur3_controller
[1.102s] writing list of installed files to '/home/ubuntu/ros2_ws/build/ur3_controller/install.log'
[1.132s] Invoked command in '/home/ubuntu/ros2_ws/src/ur3_controller' returned '0': PYTHONPATH=/home/ubuntu/ros2_ws/build/ur3_controller/prefix_override:/usr/lib/python3/dist-packages/colcon_core/task/python/colcon_distutils_commands:/home/ubuntu/ros2_ws/install/ur3_controller/lib/python3.10/site-packages:${PYTHONPATH} /usr/bin/python3 -W ignore:setup.py install is deprecated -W ignore:easy_install command is deprecated setup.py egg_info --egg-base ../../build/ur3_controller build --build-base /home/ubuntu/ros2_ws/build/ur3_controller/build install --record /home/ubuntu/ros2_ws/build/ur3_controller/install.log --single-version-externally-managed install_data
