[1.428s] Invoking command in '/home/ubuntu/ros2_ws/src/ur3_controller': PYTHONPATH=/home/ubuntu/ros2_ws/build/ur3_controller/prefix_override:/usr/lib/python3/dist-packages/colcon_core/task/python/colcon_distutils_commands:/home/ubuntu/ros2_ws/install/ur3_controller/lib/python3.10/site-packages:${PYTHONPATH} /usr/bin/python3 -W ignore:setup.py install is deprecated -W ignore:easy_install command is deprecated setup.py egg_info --egg-base ../../build/ur3_controller build --build-base /home/ubuntu/ros2_ws/build/ur3_controller/build install --record /home/ubuntu/ros2_ws/build/ur3_controller/install.log --single-version-externally-managed install_data
[1.725s] running egg_info
[1.725s] writing ../../build/ur3_controller/ur3_controller.egg-info/PKG-INFO
[2.045s] writing dependency_links to ../../build/ur3_controller/ur3_controller.egg-info/dependency_links.txt
[2.046s] writing entry points to ../../build/ur3_controller/ur3_controller.egg-info/entry_points.txt
[2.046s] writing requirements to ../../build/ur3_controller/ur3_controller.egg-info/requires.txt
[2.046s] writing top-level names to ../../build/ur3_controller/ur3_controller.egg-info/top_level.txt
[2.050s] reading manifest file '../../build/ur3_controller/ur3_controller.egg-info/SOURCES.txt'
[2.211s] writing manifest file '../../build/ur3_controller/ur3_controller.egg-info/SOURCES.txt'
[2.215s] running build
[2.215s] running build_py
[2.215s] copying ur3_controller/tool_executor.py -> /home/ubuntu/ros2_ws/build/ur3_controller/build/lib/ur3_controller
[2.215s] running install
[2.215s] running install_lib
[2.219s] copying /home/ubuntu/ros2_ws/build/ur3_controller/build/lib/ur3_controller/tool_executor.py -> /home/ubuntu/ros2_ws/install/ur3_controller/lib/python3.10/site-packages/ur3_controller
[2.220s] byte-compiling /home/ubuntu/ros2_ws/install/ur3_controller/lib/python3.10/site-packages/ur3_controller/tool_executor.py to tool_executor.cpython-310.pyc
[2.227s] running install_data
[2.227s] running install_egg_info
[2.230s] removing '/home/ubuntu/ros2_ws/install/ur3_controller/lib/python3.10/site-packages/ur3_controller-0.0.0-py3.10.egg-info' (and everything under it)
[2.231s] Copying ../../build/ur3_controller/ur3_controller.egg-info to /home/ubuntu/ros2_ws/install/ur3_controller/lib/python3.10/site-packages/ur3_controller-0.0.0-py3.10.egg-info
[2.233s] running install_scripts
[2.263s] Installing ur3_controller_node script to /home/ubuntu/ros2_ws/install/ur3_controller/lib/ur3_controller
[2.570s] writing list of installed files to '/home/ubuntu/ros2_ws/build/ur3_controller/install.log'
[2.711s] Invoked command in '/home/ubuntu/ros2_ws/src/ur3_controller' returned '0': PYTHONPATH=/home/ubuntu/ros2_ws/build/ur3_controller/prefix_override:/usr/lib/python3/dist-packages/colcon_core/task/python/colcon_distutils_commands:/home/ubuntu/ros2_ws/install/ur3_controller/lib/python3.10/site-packages:${PYTHONPATH} /usr/bin/python3 -W ignore:setup.py install is deprecated -W ignore:easy_install command is deprecated setup.py egg_info --egg-base ../../build/ur3_controller build --build-base /home/ubuntu/ros2_ws/build/ur3_controller/build install --record /home/ubuntu/ros2_ws/build/ur3_controller/install.log --single-version-externally-managed install_data
