running egg_info
creating ../../build/ur3_controller/ur3_controller.egg-info
writing ../../build/ur3_controller/ur3_controller.egg-info/PKG-INFO
writing dependency_links to ../../build/ur3_controller/ur3_controller.egg-info/dependency_links.txt
writing entry points to ../../build/ur3_controller/ur3_controller.egg-info/entry_points.txt
writing requirements to ../../build/ur3_controller/ur3_controller.egg-info/requires.txt
writing top-level names to ../../build/ur3_controller/ur3_controller.egg-info/top_level.txt
writing manifest file '../../build/ur3_controller/ur3_controller.egg-info/SOURCES.txt'
reading manifest file '../../build/ur3_controller/ur3_controller.egg-info/SOURCES.txt'
writing manifest file '../../build/ur3_controller/ur3_controller.egg-info/SOURCES.txt'
running build
running build_py
creating /home/ubuntu/ros2_ws/build/ur3_controller/build
creating /home/ubuntu/ros2_ws/build/ur3_controller/build/lib
creating /home/ubuntu/ros2_ws/build/ur3_controller/build/lib/ur3_controller
copying ur3_controller/server_node.py -> /home/ubuntu/ros2_ws/build/ur3_controller/build/lib/ur3_controller
copying ur3_controller/__init__.py -> /home/ubuntu/ros2_ws/build/ur3_controller/build/lib/ur3_controller
copying ur3_controller/tool_executor.py -> /home/ubuntu/ros2_ws/build/ur3_controller/build/lib/ur3_controller
copying ur3_controller/planner.py -> /home/ubuntu/ros2_ws/build/ur3_controller/build/lib/ur3_controller
copying ur3_controller/ur3_controller_node.py -> /home/ubuntu/ros2_ws/build/ur3_controller/build/lib/ur3_controller
copying ur3_controller/gemini_interface.py -> /home/ubuntu/ros2_ws/build/ur3_controller/build/lib/ur3_controller
copying ur3_controller/defined_tools.py -> /home/ubuntu/ros2_ws/build/ur3_controller/build/lib/ur3_controller
running install
running install_lib
running install_data
running install_egg_info
removing '/home/ubuntu/ros2_ws/install/ur3_controller/lib/python3.10/site-packages/ur3_controller-0.0.0-py3.10.egg-info' (and everything under it)
Copying ../../build/ur3_controller/ur3_controller.egg-info to /home/ubuntu/ros2_ws/install/ur3_controller/lib/python3.10/site-packages/ur3_controller-0.0.0-py3.10.egg-info
running install_scripts
Installing ur3_controller_node script to /home/ubuntu/ros2_ws/install/ur3_controller/lib/ur3_controller
writing list of installed files to '/home/ubuntu/ros2_ws/build/ur3_controller/install.log'
