[0.803s] Invoking command in '/home/ubuntu/ros2_ws/src/ur3_controller': PYTHONPATH=/home/ubuntu/ros2_ws/build/ur3_controller/prefix_override:/usr/lib/python3/dist-packages/colcon_core/task/python/colcon_distutils_commands:/home/ubuntu/ros2_ws/install/ur3_controller/lib/python3.10/site-packages:${PYTHONPATH} /usr/bin/python3 -W ignore:setup.py install is deprecated -W ignore:easy_install command is deprecated setup.py egg_info --egg-base ../../build/ur3_controller build --build-base /home/ubuntu/ros2_ws/build/ur3_controller/build install --record /home/ubuntu/ros2_ws/build/ur3_controller/install.log --single-version-externally-managed install_data
[1.121s] running egg_info
[1.121s] creating ../../build/ur3_controller/ur3_controller.egg-info
[1.122s] writing ../../build/ur3_controller/ur3_controller.egg-info/PKG-INFO
[1.122s] writing dependency_links to ../../build/ur3_controller/ur3_controller.egg-info/dependency_links.txt
[1.122s] writing entry points to ../../build/ur3_controller/ur3_controller.egg-info/entry_points.txt
[1.122s] writing requirements to ../../build/ur3_controller/ur3_controller.egg-info/requires.txt
[1.123s] writing top-level names to ../../build/ur3_controller/ur3_controller.egg-info/top_level.txt
[1.123s] writing manifest file '../../build/ur3_controller/ur3_controller.egg-info/SOURCES.txt'
[1.125s] reading manifest file '../../build/ur3_controller/ur3_controller.egg-info/SOURCES.txt'
[1.126s] writing manifest file '../../build/ur3_controller/ur3_controller.egg-info/SOURCES.txt'
[1.126s] running build
[1.126s] running build_py
[1.127s] creating /home/ubuntu/ros2_ws/build/ur3_controller/build
[1.127s] creating /home/ubuntu/ros2_ws/build/ur3_controller/build/lib
[1.127s] creating /home/ubuntu/ros2_ws/build/ur3_controller/build/lib/ur3_controller
[1.127s] copying ur3_controller/server_node.py -> /home/ubuntu/ros2_ws/build/ur3_controller/build/lib/ur3_controller
[1.128s] copying ur3_controller/__init__.py -> /home/ubuntu/ros2_ws/build/ur3_controller/build/lib/ur3_controller
[1.128s] copying ur3_controller/tool_executor.py -> /home/ubuntu/ros2_ws/build/ur3_controller/build/lib/ur3_controller
[1.128s] copying ur3_controller/planner.py -> /home/ubuntu/ros2_ws/build/ur3_controller/build/lib/ur3_controller
[1.128s] copying ur3_controller/ur3_controller_node.py -> /home/ubuntu/ros2_ws/build/ur3_controller/build/lib/ur3_controller
[1.128s] copying ur3_controller/gemini_interface.py -> /home/ubuntu/ros2_ws/build/ur3_controller/build/lib/ur3_controller
[1.129s] copying ur3_controller/defined_tools.py -> /home/ubuntu/ros2_ws/build/ur3_controller/build/lib/ur3_controller
[1.129s] running install
[1.129s] running install_lib
[1.131s] running install_data
[1.132s] running install_egg_info
[1.137s] removing '/home/ubuntu/ros2_ws/install/ur3_controller/lib/python3.10/site-packages/ur3_controller-0.0.0-py3.10.egg-info' (and everything under it)
[1.137s] Copying ../../build/ur3_controller/ur3_controller.egg-info to /home/ubuntu/ros2_ws/install/ur3_controller/lib/python3.10/site-packages/ur3_controller-0.0.0-py3.10.egg-info
[1.138s] running install_scripts
[1.168s] Installing ur3_controller_node script to /home/ubuntu/ros2_ws/install/ur3_controller/lib/ur3_controller
[1.169s] writing list of installed files to '/home/ubuntu/ros2_ws/build/ur3_controller/install.log'
[1.199s] Invoked command in '/home/ubuntu/ros2_ws/src/ur3_controller' returned '0': PYTHONPATH=/home/ubuntu/ros2_ws/build/ur3_controller/prefix_override:/usr/lib/python3/dist-packages/colcon_core/task/python/colcon_distutils_commands:/home/ubuntu/ros2_ws/install/ur3_controller/lib/python3.10/site-packages:${PYTHONPATH} /usr/bin/python3 -W ignore:setup.py install is deprecated -W ignore:easy_install command is deprecated setup.py egg_info --egg-base ../../build/ur3_controller build --build-base /home/ubuntu/ros2_ws/build/ur3_controller/build install --record /home/ubuntu/ros2_ws/build/ur3_controller/install.log --single-version-externally-managed install_data
